<?xml version="1.0" encoding="UTF-8"?>
<!-- Generated by org.testng.reporters.JUnitXMLReporter -->
<testsuite ignored="0" hostname="DESKTOP-1L2U70G" failures="1" tests="4" name="chrometest" time="31.425" errors="0" timestamp="2025-01-14T03:40:40 IST">
  <testcase classname="Report.CustomReportCreation" name="clickOnReport" time="6.232"/>
  <testcase classname="Report.CustomReportCreation" name="clickOnCreateReport" time="3.343"/>
  <testcase classname="Report.CustomReportCreation" name="enterDetails" time="3.371"/>
  <testcase classname="Report.CustomReportCreation" name="selectData" time="3.595">
    <failure type="java.lang.AssertionError" message="element click intercepted: Element &amp;lt;button class=&amp;quot;sc-papXJ egpVlg MuiButtonBase-root sc-hAsxaJ kUljBE MuiIconButton-root MuiIconButton-sizeMedium&amp;quot; tabindex=&amp;quot;0&amp;quot; type=&amp;quot;button&amp;quot; aria-label=&amp;quot;Comment&amp;quot;&amp;gt;...&amp;lt;/button&amp;gt; is not clickable at point (1100, 27). Other element would receive the click: &amp;lt;div aria-hidden=&amp;quot;true&amp;quot; class=&amp;quot;sc-evZas gjLIVL MuiBackdrop-root MuiBackdrop-invisible sc-ksZaOG kmSAkB&amp;quot; style=&amp;quot;opacity: 1; transition: opacity 225ms cubic-bezier(0.4, 0, 0.2, 1);&amp;quot;&amp;gt;&amp;lt;/div&amp;gt;
  (Session info: chrome=131.0.6778.265)
Build info: version: &amp;apos;4.18.1&amp;apos;, revision: &amp;apos;b1d3319b48&amp;apos;
System info: os.name: &amp;apos;Windows 11&amp;apos;, os.arch: &amp;apos;amd64&amp;apos;, os.version: &amp;apos;10.0&amp;apos;, java.version: &amp;apos;23.0.1&amp;apos;
Driver info: org.openqa.selenium.chrome.ChromeDriver
Command: [5ae74a803b2f9ee44ec9c5094c0e4c93, clickElement {id=f.797EB06F83BB4FB24B43C07CC60BE023.d.07702C72FDCCFC4B933E8A5A72F45B0F.e.201}]
Capabilities {acceptInsecureCerts: false, browserName: chrome, browserVersion: 131.0.6778.265, chrome: {chromedriverVersion: 131.0.6778.264 (2d05e315153..., userDataDir: C:\Users\Lenovo\AppData\Loc...}, fedcm:accounts: true, goog:chromeOptions: {debuggerAddress: localhost:54372}, networkConnectionEnabled: false, pageLoadStrategy: normal, platformName: windows, proxy: Proxy(), se:cdp: ws://localhost:54372/devtoo..., se:cdpVersion: 131.0.6778.265, setWindowRect: true, strictFileInteractability: false, timeouts: {implicit: 0, pageLoad: 300000, script: 30000}, unhandledPromptBehavior: dismiss and notify, webauthn:extension:credBlob: true, webauthn:extension:largeBlob: true, webauthn:extension:minPinLength: true, webauthn:extension:prf: true, webauthn:virtualAuthenticators: true}
Element: [[ChromeDriver: chrome on windows (5ae74a803b2f9ee44ec9c5094c0e4c93)] -&amp;gt; xpath: //button[normalize-space(text()=&amp;apos;Next&amp;apos;)]]
Session ID: 5ae74a803b2f9ee44ec9c5094c0e4c93">
      <![CDATA[java.lang.AssertionError: element click intercepted: Element <button class="sc-papXJ egpVlg MuiButtonBase-root sc-hAsxaJ kUljBE MuiIconButton-root MuiIconButton-sizeMedium" tabindex="0" type="button" aria-label="Comment">...</button> is not clickable at point (1100, 27). Other element would receive the click: <div aria-hidden="true" class="sc-evZas gjLIVL MuiBackdrop-root MuiBackdrop-invisible sc-ksZaOG kmSAkB" style="opacity: 1; transition: opacity 225ms cubic-bezier(0.4, 0, 0.2, 1);"></div>
  (Session info: chrome=131.0.6778.265)
Build info: version: '4.18.1', revision: 'b1d3319b48'
System info: os.name: 'Windows 11', os.arch: 'amd64', os.version: '10.0', java.version: '23.0.1'
Driver info: org.openqa.selenium.chrome.ChromeDriver
Command: [5ae74a803b2f9ee44ec9c5094c0e4c93, clickElement {id=f.797EB06F83BB4FB24B43C07CC60BE023.d.07702C72FDCCFC4B933E8A5A72F45B0F.e.201}]
Capabilities {acceptInsecureCerts: false, browserName: chrome, browserVersion: 131.0.6778.265, chrome: {chromedriverVersion: 131.0.6778.264 (2d05e315153..., userDataDir: C:\Users\Lenovo\AppData\Loc...}, fedcm:accounts: true, goog:chromeOptions: {debuggerAddress: localhost:54372}, networkConnectionEnabled: false, pageLoadStrategy: normal, platformName: windows, proxy: Proxy(), se:cdp: ws://localhost:54372/devtoo..., se:cdpVersion: 131.0.6778.265, setWindowRect: true, strictFileInteractability: false, timeouts: {implicit: 0, pageLoad: 300000, script: 30000}, unhandledPromptBehavior: dismiss and notify, webauthn:extension:credBlob: true, webauthn:extension:largeBlob: true, webauthn:extension:minPinLength: true, webauthn:extension:prf: true, webauthn:virtualAuthenticators: true}
Element: [[ChromeDriver: chrome on windows (5ae74a803b2f9ee44ec9c5094c0e4c93)] -> xpath: //button[normalize-space(text()='Next')]]
Session ID: 5ae74a803b2f9ee44ec9c5094c0e4c93
at Report.CustomReportCreation.selectData(CustomReportCreation.java:91)
at java.base/java.util.ArrayList.forEach(ArrayList.java:1597)
... Removed 26 stack frames]]>
    </failure>
  </testcase> <!-- selectData -->
</testsuite> <!-- chrometest -->
