<?xml version="1.0" encoding="UTF-8"?>
<!-- Generated by org.testng.reporters.JUnitXMLReporter -->
<testsuite ignored="0" hostname="DESKTOP-1L2U70G" failures="0" tests="4" name="Default test" time="0.055" errors="0" timestamp="2025-01-14T02:52:39 IST">
  <testcase classname="Report.CustomReportCreation" name="@BeforeClass setup" time="-1.736803359138E9">
    <failure type="org.testng.TestNGException" message="
Parameter &amp;apos;browser&amp;apos; is required by BeforeClass on method setup but has not been marked @Optional or defined
in C:\Users\Lenovo\AppData\Local\Temp\testng-eclipse--822762919\testng-customsuite.xml">
      <![CDATA[org.testng.TestNGException: 
Parameter 'browser' is required by BeforeClass on method setup but has not been marked @Optional or defined
in C:\Users\Lenovo\AppData\Local\Temp\testng-eclipse--822762919\testng-customsuite.xml
at org.testng.internal.Parameters.createParams(Parameters.java:270)
at org.testng.internal.Parameters.createParametersForMethod(Parameters.java:358)
at org.testng.internal.Parameters.createParameters(Parameters.java:700)
at org.testng.internal.Parameters.createConfigurationParameters(Parameters.java:168)
at org.testng.internal.ConfigInvoker.invokeConfigurations(ConfigInvoker.java:302)
at org.testng.internal.TestMethodWorker.invokeBeforeClassMethods(TestMethodWorker.java:176)
at org.testng.internal.TestMethodWorker.run(TestMethodWorker.java:122)
at java.base/java.util.ArrayList.forEach(ArrayList.java:1597)
at org.testng.TestRunner.privateRun(TestRunner.java:794)
at org.testng.TestRunner.run(TestRunner.java:596)
at org.testng.SuiteRunner.runTest(SuiteRunner.java:377)
at org.testng.SuiteRunner.runSequentially(SuiteRunner.java:371)
at org.testng.SuiteRunner.privateRun(SuiteRunner.java:332)
at org.testng.SuiteRunner.run(SuiteRunner.java:276)
at org.testng.SuiteRunnerWorker.runSuite(SuiteRunnerWorker.java:53)
at org.testng.SuiteRunnerWorker.run(SuiteRunnerWorker.java:96)
at org.testng.TestNG.runSuitesSequentially(TestNG.java:1212)
at org.testng.TestNG.runSuitesLocally(TestNG.java:1134)
at org.testng.TestNG.runSuites(TestNG.java:1063)
at org.testng.TestNG.run(TestNG.java:1031)
at org.testng.remote.AbstractRemoteTestNG.run(AbstractRemoteTestNG.java:115)
at org.testng.remote.RemoteTestNG.initAndRun(RemoteTestNG.java:293)
at org.testng.remote.RemoteTestNG.main(RemoteTestNG.java:91)
]]>
    </failure>
  </testcase> <!-- @BeforeClass setup -->
  <testcase classname="Report.CustomReportCreation" name="@AfterClass tearDown" time="-1.736803359178E9">
    <skipped/>
  </testcase> <!-- @AfterClass tearDown -->
  <testcase classname="Report.CustomReportCreation" name="clickOnReport" time="0.0">
    <skipped/>
  </testcase> <!-- clickOnReport -->
  <testcase classname="Report.CustomReportCreation" name="clickOnCreateReport" time="0.0">
    <skipped/>
  </testcase> <!-- clickOnCreateReport -->
  <testcase classname="Report.CustomReportCreation" name="enterDetails" time="0.0">
    <skipped/>
  </testcase> <!-- enterDetails -->
  <testcase classname="Report.CustomReportCreation" name="selectData" time="0.0">
    <skipped/>
  </testcase> <!-- selectData -->
</testsuite> <!-- Default test -->
