<?xml version="1.0" encoding="UTF-8"?>
<!-- Generated by org.testng.reporters.JUnitReportReporter -->
<testsuite hostname="DESKTOP-1L2U70G" failures="1" tests="4" name="Report.CustomReportCreation" time="16.541" errors="0" timestamp="2025-01-14T03:40:40 IST" skipped="0">
  <testcase classname="Report.CustomReportCreation" name="clickOnReport" time="6.232"/>
  <system-out/>
  <testcase classname="Report.CustomReportCreation" name="clickOnCreateReport" time="3.343"/>
  <system-out/>
  <testcase classname="Report.CustomReportCreation" name="enterDetails" time="3.371"/>
  <system-out/>
  <testcase classname="Report.CustomReportCreation" name="selectData" time="3.595">
    <failure message="element click intercepted: Element &lt;button class=&quot;sc-papXJ egpVlg MuiButtonBase-root sc-hAsxaJ kUljBE MuiIconButton-root MuiIconButton-sizeMedium&quot; tabindex=&quot;0&quot; type=&quot;button&quot; aria-label=&quot;Comment&quot;&gt;...&lt;/button&gt; is not clickable at point (1100, 27). Other element would receive the click: &lt;div aria-hidden=&quot;true&quot; class=&quot;sc-evZas gjLIVL MuiBackdrop-root MuiBackdrop-invisible sc-ksZaOG kmSAkB&quot; style=&quot;opacity: 1; transition: opacity 225ms cubic-bezier(0.4, 0, 0.2, 1);&quot;&gt;&lt;/div&gt;
  (Session info: chrome=131.0.6778.265)
Build info: version: &#039;4.18.1&#039;, revision: &#039;b1d3319b48&#039;
System info: os.name: &#039;Windows 11&#039;, os.arch: &#039;amd64&#039;, os.version: &#039;10.0&#039;, java.version: &#039;23.0.1&#039;
Driver info: org.openqa.selenium.chrome.ChromeDriver
Command: [5ae74a803b2f9ee44ec9c5094c0e4c93, clickElement {id=f.797EB06F83BB4FB24B43C07CC60BE023.d.07702C72FDCCFC4B933E8A5A72F45B0F.e.201}]
Capabilities {acceptInsecureCerts: false, browserName: chrome, browserVersion: 131.0.6778.265, chrome: {chromedriverVersion: 131.0.6778.264 (2d05e315153..., userDataDir: C:\Users\Lenovo\AppData\Loc...}, fedcm:accounts: true, goog:chromeOptions: {debuggerAddress: localhost:54372}, networkConnectionEnabled: false, pageLoadStrategy: normal, platformName: windows, proxy: Proxy(), se:cdp: ws://localhost:54372/devtoo..., se:cdpVersion: 131.0.6778.265, setWindowRect: true, strictFileInteractability: false, timeouts: {implicit: 0, pageLoad: 300000, script: 30000}, unhandledPromptBehavior: dismiss and notify, webauthn:extension:credBlob: true, webauthn:extension:largeBlob: true, webauthn:extension:minPinLength: true, webauthn:extension:prf: true, webauthn:virtualAuthenticators: true}
Element: [[ChromeDriver: chrome on windows (5ae74a803b2f9ee44ec9c5094c0e4c93)] -&gt; xpath: //button[normalize-space(text()=&#039;Next&#039;)]]
Session ID: 5ae74a803b2f9ee44ec9c5094c0e4c93" type="java.lang.AssertionError">
      <![CDATA[java.lang.AssertionError: element click intercepted: Element <button class="sc-papXJ egpVlg MuiButtonBase-root sc-hAsxaJ kUljBE MuiIconButton-root MuiIconButton-sizeMedium" tabindex="0" type="button" aria-label="Comment">...</button> is not clickable at point (1100, 27). Other element would receive the click: <div aria-hidden="true" class="sc-evZas gjLIVL MuiBackdrop-root MuiBackdrop-invisible sc-ksZaOG kmSAkB" style="opacity: 1; transition: opacity 225ms cubic-bezier(0.4, 0, 0.2, 1);"></div>
  (Session info: chrome=131.0.6778.265)
Build info: version: '4.18.1', revision: 'b1d3319b48'
System info: os.name: 'Windows 11', os.arch: 'amd64', os.version: '10.0', java.version: '23.0.1'
Driver info: org.openqa.selenium.chrome.ChromeDriver
Command: [5ae74a803b2f9ee44ec9c5094c0e4c93, clickElement {id=f.797EB06F83BB4FB24B43C07CC60BE023.d.07702C72FDCCFC4B933E8A5A72F45B0F.e.201}]
Capabilities {acceptInsecureCerts: false, browserName: chrome, browserVersion: 131.0.6778.265, chrome: {chromedriverVersion: 131.0.6778.264 (2d05e315153..., userDataDir: C:\Users\Lenovo\AppData\Loc...}, fedcm:accounts: true, goog:chromeOptions: {debuggerAddress: localhost:54372}, networkConnectionEnabled: false, pageLoadStrategy: normal, platformName: windows, proxy: Proxy(), se:cdp: ws://localhost:54372/devtoo..., se:cdpVersion: 131.0.6778.265, setWindowRect: true, strictFileInteractability: false, timeouts: {implicit: 0, pageLoad: 300000, script: 30000}, unhandledPromptBehavior: dismiss and notify, webauthn:extension:credBlob: true, webauthn:extension:largeBlob: true, webauthn:extension:minPinLength: true, webauthn:extension:prf: true, webauthn:virtualAuthenticators: true}
Element: [[ChromeDriver: chrome on windows (5ae74a803b2f9ee44ec9c5094c0e4c93)] -> xpath: //button[normalize-space(text()='Next')]]
Session ID: 5ae74a803b2f9ee44ec9c5094c0e4c93
at org.testng.Assert.fail(Assert.java:99)
at Report.CustomReportCreation.selectData(CustomReportCreation.java:91)
at java.base/jdk.internal.reflect.DirectMethodHandleAccessor.invoke(DirectMethodHandleAccessor.java:103)
at java.base/java.lang.reflect.Method.invoke(Method.java:580)
at org.testng.internal.MethodInvocationHelper.invokeMethod(MethodInvocationHelper.java:133)
at org.testng.internal.TestInvoker.invokeMethod(TestInvoker.java:598)
at org.testng.internal.TestInvoker.invokeTestMethod(TestInvoker.java:173)
at org.testng.internal.MethodRunner.runInSequence(MethodRunner.java:46)
at org.testng.internal.TestInvoker$MethodInvocationAgent.invoke(TestInvoker.java:824)
at org.testng.internal.TestInvoker.invokeTestMethods(TestInvoker.java:146)
at org.testng.internal.TestMethodWorker.invokeTestMethods(TestMethodWorker.java:146)
at org.testng.internal.TestMethodWorker.run(TestMethodWorker.java:128)
at java.base/java.util.ArrayList.forEach(ArrayList.java:1597)
at org.testng.TestRunner.privateRun(TestRunner.java:794)
at org.testng.TestRunner.run(TestRunner.java:596)
at org.testng.SuiteRunner.runTest(SuiteRunner.java:377)
at org.testng.SuiteRunner.runSequentially(SuiteRunner.java:371)
at org.testng.SuiteRunner.privateRun(SuiteRunner.java:332)
at org.testng.SuiteRunner.run(SuiteRunner.java:276)
at org.testng.SuiteRunnerWorker.runSuite(SuiteRunnerWorker.java:53)
at org.testng.SuiteRunnerWorker.run(SuiteRunnerWorker.java:96)
at org.testng.TestNG.runSuitesSequentially(TestNG.java:1212)
at org.testng.TestNG.runSuitesLocally(TestNG.java:1134)
at org.testng.TestNG.runSuites(TestNG.java:1063)
at org.testng.TestNG.run(TestNG.java:1031)
at org.testng.remote.AbstractRemoteTestNG.run(AbstractRemoteTestNG.java:115)
at org.testng.remote.RemoteTestNG.initAndRun(RemoteTestNG.java:293)
at org.testng.remote.RemoteTestNG.main(RemoteTestNG.java:91)
]]>
    </failure>
  </testcase> <!-- selectData -->
  <system-out/>
</testsuite> <!-- Report.CustomReportCreation -->
